<?xml version="1.0" encoding="UTF-8"?>
<!-- Generated by org.testng.reporters.JUnitXMLReporter -->
<testsuite hostname="MC-CNJJ-WDP001L" ignored="0" name="Test2" tests="1" failures="0" timestamp="24 Oct 2017 15:27:18 GMT" time="45.861" errors="0">
  <testcase name="@BeforeMethod BeforeMethod" time="45.849" classname="testcase.main.Login">
    <failure type="org.openqa.selenium.WebDriverException" message="Failed to connect to binary FirefoxBinary(/Applications/Firefox.app/Contents/MacOS/firefox-bin) on port 7055; process output follows: 
 file entry whose name is not a valid add-on ID: /var/folders/ff/6f03rdvj515_ykqzn12g4qgnsrsr0g/T/anonymous2012883485001106383webdriver-profile/extensions/webdriver-staging
1508858795952	addons.xpi	DEBUG	Existing add-on fxdriver@googlecode.com in app-profile
1508858795953	addons.xpi	INFO	Mapping activity-stream@mozilla.org to /Applications/Firefox.app/Contents/Resources/browser/features/activity-stream@mozilla.org.xpi
1508858795953	addons.xpi	INFO	Mapping aushelper@mozilla.org to /Applications/Firefox.app/Contents/Resources/browser/features/aushelper@mozilla.org.xpi
1508858795953	addons.xpi	INFO	Mapping clicktoplay-rollout@mozilla.org to /Applications/Firefox.app/Contents/Resources/browser/features/clicktoplay-rollout@mozilla.org.xpi
1508858795953	addons.xpi	INFO	Mapping e10srollout@mozilla.org to /Applications/Firefox.app/Contents/Resources/browser/features/e10srollout@mozilla.org.xpi
1508858795953	addons.xpi	INFO	Mapping firefox@getpocket.com to /Applications/Firefox.app/Contents/Resources/browser/features/firefox@getpocket.com.xpi
1508858795953	addons.xpi	INFO	Mapping followonsearch@mozilla.com to /Applications/Firefox.app/Contents/Resources/browser/features/followonsearch@mozilla.com.xpi
1508858795953	addons.xpi	INFO	Mapping formautofill@mozilla.org to /Applications/Firefox.app/Contents/Resources/browser/features/formautofill@mozilla.org.xpi
1508858795953	addons.xpi	INFO	Mapping onboarding@mozilla.org to /Applications/Firefox.app/Contents/Resources/browser/features/onboarding@mozilla.org.xpi
1508858795953	addons.xpi	INFO	Mapping screenshots@mozilla.org to /Applications/Firefox.app/Contents/Resources/browser/features/screenshots@mozilla.org.xpi
1508858795953	addons.xpi	INFO	Mapping shield-recipe-client@mozilla.org to /Applications/Firefox.app/Contents/Resources/browser/features/shield-recipe-client@mozilla.org.xpi
1508858795953	addons.xpi	INFO	Mapping webcompat@mozilla.org to /Applications/Firefox.app/Contents/Resources/browser/features/webcompat@mozilla.org.xpi
1508858795953	addons.xpi	DEBUG	Existing add-on activity-stream@mozilla.org in app-system-defaults
1508858795954	addons.xpi	DEBUG	Existing add-on aushelper@mozilla.org in app-system-defaults
1508858795954	addons.xpi	DEBUG	Existing add-on clicktoplay-rollout@mozilla.org in app-system-defaults
1508858795954	addons.xpi	DEBUG	Existing add-on e10srollout@mozilla.org in app-system-defaults
1508858795954	addons.xpi	DEBUG	Existing add-on firefox@getpocket.com in app-system-defaults
1508858795954	addons.xpi	DEBUG	Existing add-on followonsearch@mozilla.com in app-system-defaults
1508858795954	addons.xpi	DEBUG	Existing add-on formautofill@mozilla.org in app-system-defaults
1508858795955	addons.xpi	DEBUG	Existing add-on onboarding@mozilla.org in app-system-defaults
1508858795955	addons.xpi	DEBUG	Existing add-on screenshots@mozilla.org in app-system-defaults
1508858795955	addons.xpi	DEBUG	Existing add-on shield-recipe-client@mozilla.org in app-system-defaults
1508858795955	addons.xpi	DEBUG	Existing add-on webcompat@mozilla.org in app-system-defaults
1508858795955	addons.xpi	INFO	Mapping {972ce4c6-7e08-4474-a285-3208198ce6fd} to /Applications/Firefox.app/Contents/Resources/browser/extensions/{972ce4c6-7e08-4474-a285-3208198ce6fd}.xpi
1508858795955	addons.xpi	DEBUG	Existing add-on {972ce4c6-7e08-4474-a285-3208198ce6fd} in app-global
1508858795956	addons.xpi	DEBUG	getInstallState changed: false, state: {}
1508858796042	addons.productaddons	INFO	sending request to: https://aus5.mozilla.org/update/3/GMP/56.0/20170926190823/Darwin_x86_64-gcc3/zh-CN/release/Darwin%2014.5.0/default/default/update.xml
1508858797196	addons.productaddons	INFO	Completed downloading document
1508858798861	addons.productaddons	INFO	downloadXHR File download. status=200
1508858798863	addons.productaddons	INFO	Downloaded file will be saved to /var/folders/ff/6f03rdvj515_ykqzn12g4qgnsrsr0g/T/tmpaddon-3205c8
1508858799985	DeferredSave.webext.sc.lz4	DEBUG	Starting write
1508858799986	DeferredSave.webext.sc.lz4	DEBUG	Write succeeded
1508858803463	addons.productaddons	INFO	downloadXHR File download. status=404

Build info: version: &amp;apos;2.47.0&amp;apos;, revision: &amp;apos;0e4837e94b1fad0db93e88cd972ed3e235a22892&amp;apos;, time: &amp;apos;2015-07-29 15:58:41&amp;apos;
System info: host: &amp;apos;MC-CNJJ-WDP001L&amp;apos;, ip: &amp;apos;192.168.0.101&amp;apos;, os.name: &amp;apos;Mac OS X&amp;apos;, os.arch: &amp;apos;x86_64&amp;apos;, os.version: &amp;apos;10.10.5&amp;apos;, java.version: &amp;apos;1.8.0_51&amp;apos;
Driver info: driver.version: FirefoxDriver">
      <![CDATA[org.openqa.selenium.WebDriverException: Failed to connect to binary FirefoxBinary(/Applications/Firefox.app/Contents/MacOS/firefox-bin) on port 7055; process output follows: 
 file entry whose name is not a valid add-on ID: /var/folders/ff/6f03rdvj515_ykqzn12g4qgnsrsr0g/T/anonymous2012883485001106383webdriver-profile/extensions/webdriver-staging
1508858795952	addons.xpi	DEBUG	Existing add-on fxdriver@googlecode.com in app-profile
1508858795953	addons.xpi	INFO	Mapping activity-stream@mozilla.org to /Applications/Firefox.app/Contents/Resources/browser/features/activity-stream@mozilla.org.xpi
1508858795953	addons.xpi	INFO	Mapping aushelper@mozilla.org to /Applications/Firefox.app/Contents/Resources/browser/features/aushelper@mozilla.org.xpi
1508858795953	addons.xpi	INFO	Mapping clicktoplay-rollout@mozilla.org to /Applications/Firefox.app/Contents/Resources/browser/features/clicktoplay-rollout@mozilla.org.xpi
1508858795953	addons.xpi	INFO	Mapping e10srollout@mozilla.org to /Applications/Firefox.app/Contents/Resources/browser/features/e10srollout@mozilla.org.xpi
1508858795953	addons.xpi	INFO	Mapping firefox@getpocket.com to /Applications/Firefox.app/Contents/Resources/browser/features/firefox@getpocket.com.xpi
1508858795953	addons.xpi	INFO	Mapping followonsearch@mozilla.com to /Applications/Firefox.app/Contents/Resources/browser/features/followonsearch@mozilla.com.xpi
1508858795953	addons.xpi	INFO	Mapping formautofill@mozilla.org to /Applications/Firefox.app/Contents/Resources/browser/features/formautofill@mozilla.org.xpi
1508858795953	addons.xpi	INFO	Mapping onboarding@mozilla.org to /Applications/Firefox.app/Contents/Resources/browser/features/onboarding@mozilla.org.xpi
1508858795953	addons.xpi	INFO	Mapping screenshots@mozilla.org to /Applications/Firefox.app/Contents/Resources/browser/features/screenshots@mozilla.org.xpi
1508858795953	addons.xpi	INFO	Mapping shield-recipe-client@mozilla.org to /Applications/Firefox.app/Contents/Resources/browser/features/shield-recipe-client@mozilla.org.xpi
1508858795953	addons.xpi	INFO	Mapping webcompat@mozilla.org to /Applications/Firefox.app/Contents/Resources/browser/features/webcompat@mozilla.org.xpi
1508858795953	addons.xpi	DEBUG	Existing add-on activity-stream@mozilla.org in app-system-defaults
1508858795954	addons.xpi	DEBUG	Existing add-on aushelper@mozilla.org in app-system-defaults
1508858795954	addons.xpi	DEBUG	Existing add-on clicktoplay-rollout@mozilla.org in app-system-defaults
1508858795954	addons.xpi	DEBUG	Existing add-on e10srollout@mozilla.org in app-system-defaults
1508858795954	addons.xpi	DEBUG	Existing add-on firefox@getpocket.com in app-system-defaults
1508858795954	addons.xpi	DEBUG	Existing add-on followonsearch@mozilla.com in app-system-defaults
1508858795954	addons.xpi	DEBUG	Existing add-on formautofill@mozilla.org in app-system-defaults
1508858795955	addons.xpi	DEBUG	Existing add-on onboarding@mozilla.org in app-system-defaults
1508858795955	addons.xpi	DEBUG	Existing add-on screenshots@mozilla.org in app-system-defaults
1508858795955	addons.xpi	DEBUG	Existing add-on shield-recipe-client@mozilla.org in app-system-defaults
1508858795955	addons.xpi	DEBUG	Existing add-on webcompat@mozilla.org in app-system-defaults
1508858795955	addons.xpi	INFO	Mapping {972ce4c6-7e08-4474-a285-3208198ce6fd} to /Applications/Firefox.app/Contents/Resources/browser/extensions/{972ce4c6-7e08-4474-a285-3208198ce6fd}.xpi
1508858795955	addons.xpi	DEBUG	Existing add-on {972ce4c6-7e08-4474-a285-3208198ce6fd} in app-global
1508858795956	addons.xpi	DEBUG	getInstallState changed: false, state: {}
1508858796042	addons.productaddons	INFO	sending request to: https://aus5.mozilla.org/update/3/GMP/56.0/20170926190823/Darwin_x86_64-gcc3/zh-CN/release/Darwin%2014.5.0/default/default/update.xml
1508858797196	addons.productaddons	INFO	Completed downloading document
1508858798861	addons.productaddons	INFO	downloadXHR File download. status=200
1508858798863	addons.productaddons	INFO	Downloaded file will be saved to /var/folders/ff/6f03rdvj515_ykqzn12g4qgnsrsr0g/T/tmpaddon-3205c8
1508858799985	DeferredSave.webext.sc.lz4	DEBUG	Starting write
1508858799986	DeferredSave.webext.sc.lz4	DEBUG	Write succeeded
1508858803463	addons.productaddons	INFO	downloadXHR File download. status=404

Build info: version: '2.47.0', revision: '0e4837e94b1fad0db93e88cd972ed3e235a22892', time: '2015-07-29 15:58:41'
System info: host: 'MC-CNJJ-WDP001L', ip: '192.168.0.101', os.name: 'Mac OS X', os.arch: 'x86_64', os.version: '10.10.5', java.version: '1.8.0_51'
Driver info: driver.version: FirefoxDriver
	at org.openqa.selenium.firefox.internal.NewProfileExtensionConnection.start(NewProfileExtensionConnection.java:134)
	at org.openqa.selenium.firefox.FirefoxDriver.startClient(FirefoxDriver.java:276)
	at org.openqa.selenium.remote.RemoteWebDriver.<init>(RemoteWebDriver.java:116)
	at org.openqa.selenium.firefox.FirefoxDriver.<init>(FirefoxDriver.java:221)
	at org.openqa.selenium.firefox.FirefoxDriver.<init>(FirefoxDriver.java:216)
	at org.openqa.selenium.firefox.FirefoxDriver.<init>(FirefoxDriver.java:212)
	at org.openqa.selenium.firefox.FirefoxDriver.<init>(FirefoxDriver.java:125)
	at Configuration.SeleniumTest.visit(SeleniumTest.java:101)
	at Configuration.SeleniumTest.start(SeleniumTest.java:83)
	at testcase.main.Login.BeforeMethod(Login.java:25)
Caused by: org.openqa.selenium.firefox.NotConnectedException: Unable to connect to host 127.0.0.1 on port 7055 after 45000 ms. Firefox console output:
 file entry whose name is not a valid add-on ID: /var/folders/ff/6f03rdvj515_ykqzn12g4qgnsrsr0g/T/anonymous2012883485001106383webdriver-profile/extensions/webdriver-staging
1508858795952	addons.xpi	DEBUG	Existing add-on fxdriver@googlecode.com in app-profile
1508858795953	addons.xpi	INFO	Mapping activity-stream@mozilla.org to /Applications/Firefox.app/Contents/Resources/browser/features/activity-stream@mozilla.org.xpi
1508858795953	addons.xpi	INFO	Mapping aushelper@mozilla.org to /Applications/Firefox.app/Contents/Resources/browser/features/aushelper@mozilla.org.xpi
1508858795953	addons.xpi	INFO	Mapping clicktoplay-rollout@mozilla.org to /Applications/Firefox.app/Contents/Resources/browser/features/clicktoplay-rollout@mozilla.org.xpi
1508858795953	addons.xpi	INFO	Mapping e10srollout@mozilla.org to /Applications/Firefox.app/Contents/Resources/browser/features/e10srollout@mozilla.org.xpi
1508858795953	addons.xpi	INFO	Mapping firefox@getpocket.com to /Applications/Firefox.app/Contents/Resources/browser/features/firefox@getpocket.com.xpi
1508858795953	addons.xpi	INFO	Mapping followonsearch@mozilla.com to /Applications/Firefox.app/Contents/Resources/browser/features/followonsearch@mozilla.com.xpi
1508858795953	addons.xpi	INFO	Mapping formautofill@mozilla.org to /Applications/Firefox.app/Contents/Resources/browser/features/formautofill@mozilla.org.xpi
1508858795953	addons.xpi	INFO	Mapping onboarding@mozilla.org to /Applications/Firefox.app/Contents/Resources/browser/features/onboarding@mozilla.org.xpi
1508858795953	addons.xpi	INFO	Mapping screenshots@mozilla.org to /Applications/Firefox.app/Contents/Resources/browser/features/screenshots@mozilla.org.xpi
1508858795953	addons.xpi	INFO	Mapping shield-recipe-client@mozilla.org to /Applications/Firefox.app/Contents/Resources/browser/features/shield-recipe-client@mozilla.org.xpi
1508858795953	addons.xpi	INFO	Mapping webcompat@mozilla.org to /Applications/Firefox.app/Contents/Resources/browser/features/webcompat@mozilla.org.xpi
1508858795953	addons.xpi	DEBUG	Existing add-on activity-stream@mozilla.org in app-system-defaults
1508858795954	addons.xpi	DEBUG	Existing add-on aushelper@mozilla.org in app-system-defaults
1508858795954	addons.xpi	DEBUG	Existing add-on clicktoplay-rollout@mozilla.org in app-system-defaults
1508858795954	addons.xpi	DEBUG	Existing add-on e10srollout@mozilla.org in app-system-defaults
1508858795954	addons.xpi	DEBUG	Existing add-on firefox@getpocket.com in app-system-defaults
1508858795954	addons.xpi	DEBUG	Existing add-on followonsearch@mozilla.com in app-system-defaults
1508858795954	addons.xpi	DEBUG	Existing add-on formautofill@mozilla.org in app-system-defaults
1508858795955	addons.xpi	DEBUG	Existing add-on onboarding@mozilla.org in app-system-defaults
1508858795955	addons.xpi	DEBUG	Existing add-on screenshots@mozilla.org in app-system-defaults
1508858795955	addons.xpi	DEBUG	Existing add-on shield-recipe-client@mozilla.org in app-system-defaults
1508858795955	addons.xpi	DEBUG	Existing add-on webcompat@mozilla.org in app-system-defaults
1508858795955	addons.xpi	INFO	Mapping {972ce4c6-7e08-4474-a285-3208198ce6fd} to /Applications/Firefox.app/Contents/Resources/browser/extensions/{972ce4c6-7e08-4474-a285-3208198ce6fd}.xpi
1508858795955	addons.xpi	DEBUG	Existing add-on {972ce4c6-7e08-4474-a285-3208198ce6fd} in app-global
1508858795956	addons.xpi	DEBUG	getInstallState changed: false, state: {}
1508858796042	addons.productaddons	INFO	sending request to: https://aus5.mozilla.org/update/3/GMP/56.0/20170926190823/Darwin_x86_64-gcc3/zh-CN/release/Darwin%2014.5.0/default/default/update.xml
1508858797196	addons.productaddons	INFO	Completed downloading document
1508858798861	addons.productaddons	INFO	downloadXHR File download. status=200
1508858798863	addons.productaddons	INFO	Downloaded file will be saved to /var/folders/ff/6f03rdvj515_ykqzn12g4qgnsrsr0g/T/tmpaddon-3205c8
1508858799985	DeferredSave.webext.sc.lz4	DEBUG	Starting write
1508858799986	DeferredSave.webext.sc.lz4	DEBUG	Write succeeded
1508858803463	addons.productaddons	INFO	downloadXHR File download. status=404

	at org.openqa.selenium.firefox.internal.NewProfileExtensionConnection.start(NewProfileExtensionConnection.java:122)
	... 36 more
... Removed 27 stack frames]]>
    </failure>
  </testcase> <!-- @BeforeMethod BeforeMethod -->
  <testcase name="testme" time="0.0" classname="testcase.main.Login">
    <skipped/>
  </testcase> <!-- testme -->
</testsuite> <!-- Test2 -->
